# JRE version: Java(TM) SE Runtime Environment 18.9 (11.0.15+8) (build 11.0.15+8-LTS-149)
# Java VM: Java HotSpot(TM) 64-Bit Server VM 18.9 (11.0.15+8-LTS-149, mixed mode, tiered, compressed oops, g1 gc, windows-amd64)
Heap:
 garbage-first heap   total 192512K, used 102441K [0x0000000080000000, 0x0000000100000000)
  region size 1024K, 94 young (96256K), 10 survivors (10240K)
 Metaspace       used 51460K, capacity 52976K, committed 53120K, reserved 1095680K
  class space    used 6322K, capacity 6967K, committed 7040K, reserved 1048576K
GC Heap History (10 events):
Event: 2.547 GC heap before
{Heap before GC invocations=4 (full 0):
 garbage-first heap   total 131072K, used 25064K [0x0000000080000000, 0x0000000100000000)
  region size 1024K, 22 young (22528K), 2 survivors (2048K)
 Metaspace       used 20722K, capacity 21176K, committed 21248K, reserved 1069056K
  class space    used 2328K, capacity 2521K, committed 2560K, reserved 1048576K
}
Event: 2.558 GC heap after
{Heap after GC invocations=5 (full 0):
 garbage-first heap   total 157696K, used 7656K [0x0000000080000000, 0x0000000100000000)
  region size 1024K, 3 young (3072K), 3 survivors (3072K)
 Metaspace       used 20722K, capacity 21176K, committed 21248K, reserved 1069056K
  class space    used 2328K, capacity 2521K, committed 2560K, reserved 1048576K
}
Event: 3.273 GC heap before
{Heap before GC invocations=6 (full 0):
 garbage-first heap   total 157696K, used 37352K [0x0000000080000000, 0x0000000100000000)
  region size 1024K, 33 young (33792K), 3 survivors (3072K)
 Metaspace       used 26028K, capacity 26567K, committed 26880K, reserved 1073152K
  class space    used 3007K, capacity 3252K, committed 3328K, reserved 1048576K
}
Event: 3.290 GC heap after
{Heap after GC invocations=7 (full 0):
 garbage-first heap   total 157696K, used 8904K [0x0000000080000000, 0x0000000100000000)
  region size 1024K, 4 young (4096K), 4 survivors (4096K)
 Metaspace       used 26028K, capacity 26567K, committed 26880K, reserved 1073152K
  class space    used 3007K, capacity 3252K, committed 3328K, reserved 1048576K
}
Event: 4.454 GC heap before
{Heap before GC invocations=7 (full 0):
 garbage-first heap   total 157696K, used 51912K [0x0000000080000000, 0x0000000100000000)
  region size 1024K, 46 young (47104K), 4 survivors (4096K)
 Metaspace       used 30531K, capacity 31315K, committed 31616K, reserved 1077248K
  class space    used 3568K, capacity 3870K, committed 3968K, reserved 1048576K
}
Event: 4.468 GC heap after
{Heap after GC invocations=8 (full 0):
 garbage-first heap   total 157696K, used 10411K [0x0000000080000000, 0x0000000100000000)
  region size 1024K, 4 young (4096K), 4 survivors (4096K)
 Metaspace       used 30531K, capacity 31315K, committed 31616K, reserved 1077248K
  class space    used 3568K, capacity 3870K, committed 3968K, reserved 1048576K
}
Event: 5.432 GC heap before
{Heap before GC invocations=8 (full 0):
 garbage-first heap   total 157696K, used 39083K [0x0000000080000000, 0x0000000100000000)
  region size 1024K, 33 young (33792K), 4 survivors (4096K)
 Metaspace       used 34781K, capacity 35789K, committed 35840K, reserved 1081344K
  class space    used 4184K, capacity 4578K, committed 4608K, reserved 1048576K
}
Event: 5.447 GC heap after
{Heap after GC invocations=9 (full 0):
 garbage-first heap   total 157696K, used 12211K [0x0000000080000000, 0x0000000100000000)
  region size 1024K, 6 young (6144K), 6 survivors (6144K)
 Metaspace       used 34781K, capacity 35789K, committed 35840K, reserved 1081344K
  class space    used 4184K, capacity 4578K, committed 4608K, reserved 1048576K
}
Event: 7.796 GC heap before
{Heap before GC invocations=10 (full 0):
 garbage-first heap   total 157696K, used 79795K [0x0000000080000000, 0x0000000100000000)
  region size 1024K, 73 young (74752K), 6 survivors (6144K)
 Metaspace       used 45699K, capacity 47114K, committed 47232K, reserved 1089536K
  class space    used 5645K, capacity 6201K, committed 6272K, reserved 1048576K
}
Event: 7.832 GC heap after
{Heap after GC invocations=11 (full 0):
 garbage-first heap   total 192512K, used 17449K [0x0000000080000000, 0x0000000100000000)
  region size 1024K, 10 young (10240K), 10 survivors (10240K)
 Metaspace       used 45699K, capacity 47114K, committed 47232K, reserved 1089536K
  class space    used 5645K, capacity 6201K, committed 6272K, reserved 1048576K
}

